### ISSUE TITLE
The following crashes with 'Illegal instruction':

### ISSUE THREAD

**Issue by larceny-trac-import** [larcenists/larceny#239]
**Reported by: lth  on Wed Sep 24 06:00:00 1997**
039  v0.30 (970924 / lth)  SunOS

The following crashes with 'Illegal instruction':

   (let ((x (inexact->exact (log -1.3))))
     (make-rectangular (rationalize (real-part x) 1/1000) 
                       (rationalize (imag-part x) 1/1000)))

It appears that an illtrap 0 appears in the middle of an
otherwise fine-looking instruction stream, in place of a
conditional branch:

   (gdb) x/20i $pc-40
   0x512ac0 <end+5182368>:        cmp  %o0, 0x316
   0x512ac4 <end+5182372>:        bne,a   0x512ad8 <end+5182392>
   0x512ac8 <end+5182376>:        nop 
   0x512acc <end+5182380>:        mov  %o4, %o0
   0x512ad0 <end+5182384>:        call  %i7 + 0x568
   0x512ad4 <end+5182388>:        mov  0x1a8, %g1
   0x512ad8 <end+5182392>:        call  0x512ae0 <end+5182400>
   0x512adc <end+5182396>:        add  %o7, 0x40, %o7
   0x512ae0 <end+5182400>:        st  %o7, [ %o3 + 4 ]
   0x512ae4 <end+5182404>:        deccc  %i4
   0x512ae8 <end+5182408>:        illtrap  0
   0x512aec <end+5182412>:        and  %o0, 7, %g1
   0x512af0 <end+5182416>:        call  %i7 + 0x560
   0x512af4 <end+5182420>:        add  %o7, -20, %o7
   0x512af8 <end+5182424>:        and  %o0, 7, %g1
   0x512afc <end+5182428>:        cmp  %g1, 7
   0x512b00 <end+5182432>:        be,a   0x512b14 <end+5182452>
   0x512b04 <end+5182436>:        ld  [ %o0 + -3 ], %g1
   0x512b08 <end+5182440>:        mov  0x1a4, %g1
   0x512b0c <end+5182444>:        jmp  %i7 + 0x568
   (gdb) x/x $pc
   0x512ae8 <end+5182408>:        0x00000000

The instruction is intact when the program starts (at that address,
which should be in the static area).

Furthermore, the problem happens in the call to rationalize (either
one); real-part and imag-part seem to work fine.  

Here's the last part of a syscall trace:

   generic_lessp: 5851d 0
   internal_scheme_call: 150
   generic_lessp: 5851d 586fd
   internal_scheme_call: 44
   internal_scheme_return: 2
   internal_scheme_return: 2
   generic_equalp: 5851d 0
   internal_scheme_call: 154
   generic_equalp: 5851d 5870d
   internal_scheme_call: 40
   internal_scheme_return: 2
   internal_scheme_return: 2
   internal_scheme_call: 14c
   internal_scheme_call: 34
   internal_scheme_return: 5872d
   internal_scheme_return: 5872d
   internal_scheme_call: 14c
   internal_scheme_call: 30
   internal_scheme_return: 58765
   internal_scheme_return: 58765
   internal_scheme_call: 14c
   internal_scheme_call: 34
   internal_scheme_return: 5878d
   internal_scheme_return: 5878d
   internal_scheme_call: 14c
   internal_scheme_call: 30
   internal_scheme_return: 587c5
   internal_scheme_return: 587c5

   #x14c/4 = 83 = contagion
   #x30/4 = 12 = bignum-multiply
   #x34/4 = 13 = bignum-divide 

So far, it appears that some code is clobbering the code stream,
probably with a wild assignment.

Here's the transcript:

> (define x (inexact->exact (log -1.3)))
>    (gdb) x/i 0x512ae8
>    0x512ae8 <end+5182408>:        bne,a   0x512afc <end+5182428>
> (define a (real-part x))
>    (gdb) x/i 0x512ae8
>    0x512ae8 <end+5182408>:        bne,a   0x512afc <end+5182428>
> (rationalize a 1/1000)
>    Program received signal SIGILL, Illegal instruction.
>    0x512ae8 in ?? ()
>    (gdb) x/i 0x512ae8
>    0x512ae8 <end+5182408>:        illtrap  0

After some grubbing around in the code for rationalize, we have
that the same error is provoked by the less mysterious

> (/ 147135000507969563/562949953421312000)

and also by (/ 1 ...), as expected, and also by:

> (define one (make-ratnum 1 1))
> one
>    1/1
> (/ one 147135000507969563/562949953421312000)

So it seems ratnum-div is at fault, somehow (not contagion).

Rebuilding the heap didn't seem to make any difference (i.e., 
the heap is probably OK).

Expanding syshooks with two functions preserves the error...

This provokes the same error:

   ((system-function 'ratnum-div)
    ((system-function 'make-ratnum) 1 1)
    147135000507969563/562949953421312000)

Interestingly, so does this:
   ((system-function 'ratnum-div)
    147135000507969563/562949953421312000
    ((system-function 'make-ratnum) 1 1))
but it overwrites a slightly different address (512a50 rather 
than 512ae8).

Also fails with protect_static() in place...

FIX:
Turned out to be an error in generic.s where %GLOBALS was used in
a section between save and restore.

Thanks to Johan who suggested write protecting the static area,
thereby quickly finding the offending instruction.
